"../../../../../../Users/s212178/Documents/GitHub/HyperMarioBros/HyperMarioBros/Content/Material_002.uasset" 0
"../../../../../../Users/s212178/Documents/GitHub/HyperMarioBros/HyperMarioBros/Content/kinoko.uasset" 1
"../../../../../../Users/s212178/Documents/GitHub/HyperMarioBros/HyperMarioBros/Content/KinokoUV_1up.uasset" 2
"../../../../../../Users/s212178/Documents/GitHub/HyperMarioBros/HyperMarioBros/Content/KinokoUV.uasset" 3
"../../../../../../Users/s212178/Documents/GitHub/HyperMarioBros/HyperMarioBros/Content/KinokoUV_Mat.uasset" 4
"../../../../../../Users/s212178/Documents/GitHub/HyperMarioBros/HyperMarioBros/Content/lambert1.uasset" 5
"../../../../../../Users/s212178/Documents/GitHub/HyperMarioBros/HyperMarioBros/Content/NokoNoko.uasset" 6
"../../../../../../Users/s212178/Documents/GitHub/HyperMarioBros/HyperMarioBros/Content/NokoNokoUV_green.uasset" 7
"../../../../../../Users/s212178/Documents/GitHub/HyperMarioBros/HyperMarioBros/Content/Material.uasset" 8
"../../../../../../Users/s212178/Documents/GitHub/HyperMarioBros/HyperMarioBros/Content/NokoNoko_ArmL.uasset" 9
"../../../../../../Users/s212178/Documents/GitHub/HyperMarioBros/HyperMarioBros/Content/NokoNoko_ArmR.uasset" 10
"../../../../../../Users/s212178/Documents/GitHub/HyperMarioBros/HyperMarioBros/Content/NokoNoko_EyeInL.uasset" 11
"../../../../../../Users/s212178/Documents/GitHub/HyperMarioBros/HyperMarioBros/Content/NokoNoko_EyeInR.uasset" 12
"../../../../../../Users/s212178/Documents/GitHub/HyperMarioBros/HyperMarioBros/Content/NokoNoko_EyeOut.uasset" 13
"../../../../../../Users/s212178/Documents/GitHub/HyperMarioBros/HyperMarioBros/Content/NokoNoko_FootL.uasset" 14
"../../../../../../Users/s212178/Documents/GitHub/HyperMarioBros/HyperMarioBros/Content/NokoNoko_FootR.uasset" 15
"../../../../../../Users/s212178/Documents/GitHub/HyperMarioBros/HyperMarioBros/Content/NokoNoko_Head.uasset" 16
"../../../../../../Users/s212178/Documents/GitHub/HyperMarioBros/HyperMarioBros/Content/NokoNoko_LegL.uasset" 17
"../../../../../../Users/s212178/Documents/GitHub/HyperMarioBros/HyperMarioBros/Content/NokoNoko_LegR.uasset" 18
"../../../../../../Users/s212178/Documents/GitHub/HyperMarioBros/HyperMarioBros/Content/NokoNoko_Mouth.uasset" 19
"../../../../../../Users/s212178/Documents/GitHub/HyperMarioBros/HyperMarioBros/Content/NokoNoko_Neck.uasset" 20
"../../../../../../Users/s212178/Documents/GitHub/HyperMarioBros/HyperMarioBros/Content/NokoNokoGREENMat.uasset" 21
"../../../../../../Users/s212178/Documents/GitHub/HyperMarioBros/HyperMarioBros/Content/NokoNoko_Shell_Green.uasset" 22
"../../../../../../Users/s212178/Documents/GitHub/HyperMarioBros/HyperMarioBros/Content/NokoNoko_Tail.uasset" 23
"../../../../../../Users/s212178/Documents/GitHub/HyperMarioBros/HyperMarioBros/Content/Material_001.uasset" 24
"../../../../../../Users/s212178/Documents/GitHub/HyperMarioBros/HyperMarioBros/Content/NokoNoko_WingL.uasset" 25
"../../../../../../Users/s212178/Documents/GitHub/HyperMarioBros/HyperMarioBros/Content/NokoNoko_WingR.uasset" 26
"../../../../../../Users/s212178/Documents/GitHub/HyperMarioBros/HyperMarioBros/Content/lambert3.uasset" 27
"../../../../../../Users/s212178/Documents/GitHub/HyperMarioBros/HyperMarioBros/Content/yuka.uasset" 28
"../../../../../../Users/s212178/Documents/GitHub/HyperMarioBros/HyperMarioBros/Content/StarterContent/Materials/M_Basic_Floor.uasset" 29
"../../../../../../Users/s212178/Documents/GitHub/HyperMarioBros/HyperMarioBros/Content/StarterContent/Architecture/Floor_400x400.uasset" 30
"../../../../../../Users/s212178/Documents/GitHub/HyperMarioBros/HyperMarioBros/Content/StarterContent/Materials/M_Basic_Wall.uasset" 31
"../../../../../../Users/s212178/Documents/GitHub/HyperMarioBros/HyperMarioBros/Content/StarterContent/Architecture/Pillar_50x500.uasset" 32
"../../../../../../Users/s212178/Documents/GitHub/HyperMarioBros/HyperMarioBros/Content/StarterContent/Architecture/Wall_400x200.uasset" 33
"../../../../../../Users/s212178/Documents/GitHub/HyperMarioBros/HyperMarioBros/Content/StarterContent/Architecture/Wall_400x300.uasset" 34
"../../../../../../Users/s212178/Documents/GitHub/HyperMarioBros/HyperMarioBros/Content/StarterContent/Architecture/Wall_400x400.uasset" 35
"../../../../../../Users/s212178/Documents/GitHub/HyperMarioBros/HyperMarioBros/Content/StarterContent/Architecture/Wall_500x500.uasset" 36
"../../../../../../Users/s212178/Documents/GitHub/HyperMarioBros/HyperMarioBros/Content/StarterContent/Architecture/Wall_Door_400x300.uasset" 37
"../../../../../../Users/s212178/Documents/GitHub/HyperMarioBros/HyperMarioBros/Content/StarterContent/Architecture/Wall_Door_400x400.uasset" 38
"../../../../../../Users/s212178/Documents/GitHub/HyperMarioBros/HyperMarioBros/Content/StarterContent/Architecture/Wall_Window_400x300.uasset" 39
"../../../../../../Users/s212178/Documents/GitHub/HyperMarioBros/HyperMarioBros/Content/StarterContent/Architecture/Wall_Window_400x400.uasset" 40
"../../../../../../Users/s212178/Documents/GitHub/HyperMarioBros/HyperMarioBros/Content/StarterContent/Audio/Collapse01.uasset" 41
"../../../../../../Users/s212178/Documents/GitHub/HyperMarioBros/HyperMarioBros/Content/StarterContent/Audio/Collapse02.uasset" 42
"../../../../../../Users/s212178/Documents/GitHub/HyperMarioBros/HyperMarioBros/Content/StarterContent/Audio/Collapse_Cue.uasset" 43
"../../../../../../Users/s212178/Documents/GitHub/HyperMarioBros/HyperMarioBros/Content/StarterContent/Audio/Explosion01.uasset" 44
"../../../../../../Users/s212178/Documents/GitHub/HyperMarioBros/HyperMarioBros/Content/StarterContent/Audio/Explosion02.uasset" 45
"../../../../../../Users/s212178/Documents/GitHub/HyperMarioBros/HyperMarioBros/Content/StarterContent/Audio/Fire01.uasset" 46
"../../../../../../Users/s212178/Documents/GitHub/HyperMarioBros/HyperMarioBros/Content/StarterContent/Audio/Fire_Sparks01.uasset" 47
"../../../../../../Users/s212178/Documents/GitHub/HyperMarioBros/HyperMarioBros/Content/StarterContent/Audio/Light01.uasset" 48
"../../../../../../Users/s212178/Documents/GitHub/HyperMarioBros/HyperMarioBros/Content/StarterContent/Audio/Light01_Cue.uasset" 49
"../../../../../../Users/s212178/Documents/GitHub/HyperMarioBros/HyperMarioBros/Content/StarterContent/Audio/Light02.uasset" 50
"../../../../../../Users/s212178/Documents/GitHub/HyperMarioBros/HyperMarioBros/Content/StarterContent/Audio/Light02_Cue.uasset" 51
"../../../../../../Users/s212178/Documents/GitHub/HyperMarioBros/HyperMarioBros/Content/StarterContent/Audio/Smoke01.uasset" 52
"../../../../../../Users/s212178/Documents/GitHub/HyperMarioBros/HyperMarioBros/Content/StarterContent/Audio/Starter_Birds01.uasset" 53
"../../../../../../Users/s212178/Documents/GitHub/HyperMarioBros/HyperMarioBros/Content/StarterContent/Audio/Starter_Music01.uasset" 54
"../../../../../../Users/s212178/Documents/GitHub/HyperMarioBros/HyperMarioBros/Content/StarterContent/Audio/Starter_Music_Cue.uasset" 55
"../../../../../../Users/s212178/Documents/GitHub/HyperMarioBros/HyperMarioBros/Content/StarterContent/Audio/Starter_Wind05.uasset" 56
"../../../../../../Users/s212178/Documents/GitHub/HyperMarioBros/HyperMarioBros/Content/StarterContent/Audio/Starter_Wind06.uasset" 57
"../../../../../../Users/s212178/Documents/GitHub/HyperMarioBros/HyperMarioBros/Content/StarterContent/Audio/Steam01.uasset" 58
"../../../../../../Users/s212178/Documents/GitHub/HyperMarioBros/HyperMarioBros/Content/StarterContent/Textures/T_Lamp_N.uasset" 59
"../../../../../../Users/s212178/Documents/GitHub/HyperMarioBros/HyperMarioBros/Content/StarterContent/Textures/T_Lamp_M.uasset" 60
"../../../../../../Users/s212178/Documents/GitHub/HyperMarioBros/HyperMarioBros/Content/StarterContent/Props/Materials/M_Lamp.uasset" 61
"../../../../../../Users/s212178/Documents/GitHub/HyperMarioBros/HyperMarioBros/Content/StarterContent/Props/SM_Lamp_Ceiling.uasset" 62
"../../../../../../Users/s212178/Documents/GitHub/HyperMarioBros/HyperMarioBros/Content/StarterContent/Blueprints/Blueprint_CeilingLight.uasset" 63
"../../../../../../Users/s212178/Documents/GitHub/HyperMarioBros/HyperMarioBros/Content/StarterContent/Textures/T_Smoke_Tiled_D.uasset" 64
"../../../../../../Users/s212178/Documents/GitHub/HyperMarioBros/HyperMarioBros/Content/StarterContent/Textures/T_Smoke_SubUV.uasset" 65
"../../../../../../Users/s212178/Documents/GitHub/HyperMarioBros/HyperMarioBros/Content/StarterContent/Particles/Materials/M_smoke_subUV.uasset" 66
"../../../Engine/Content/Functions/Engine_MaterialFunctions01/Gradient/RadialGradient.uasset" 67
"../../../../../../Users/s212178/Documents/GitHub/HyperMarioBros/HyperMarioBros/Content/StarterContent/Particles/Materials/M_radial_ramp.uasset" 68
"../../../../../../Users/s212178/Documents/GitHub/HyperMarioBros/HyperMarioBros/Content/StarterContent/Particles/Materials/m_flare_01.uasset" 69
"../../../../../../Users/s212178/Documents/GitHub/HyperMarioBros/HyperMarioBros/Content/StarterContent/Textures/T_Explosion_SubUV.uasset" 70
"../../../../../../Users/s212178/Documents/GitHub/HyperMarioBros/HyperMarioBros/Content/StarterContent/Particles/Materials/M_explosion_subUV.uasset" 71
"../../../../../../Users/s212178/Documents/GitHub/HyperMarioBros/HyperMarioBros/Content/StarterContent/Textures/T_Burst_M.uasset" 72
"../../../../../../Users/s212178/Documents/GitHub/HyperMarioBros/HyperMarioBros/Content/StarterContent/Particles/Materials/M_Burst.uasset" 73
"../../../../../../Users/s212178/Documents/GitHub/HyperMarioBros/HyperMarioBros/Content/StarterContent/Particles/P_Explosion.uasset" 74
"../../../../../../Users/s212178/Documents/GitHub/HyperMarioBros/HyperMarioBros/Content/StarterContent/Audio/Explosion_Cue.uasset" 75
"../../../../../../Users/s212178/Documents/GitHub/HyperMarioBros/HyperMarioBros/Content/StarterContent/Blueprints/Blueprint_Effect_Explosion.uasset" 76
"../../../../../../Users/s212178/Documents/GitHub/HyperMarioBros/HyperMarioBros/Content/StarterContent/Particles/Materials/M_Radial_Gradient.uasset" 77
"../../../../../../Users/s212178/Documents/GitHub/HyperMarioBros/HyperMarioBros/Content/StarterContent/Textures/T_Water_N.uasset" 78
"../../../../../../Users/s212178/Documents/GitHub/HyperMarioBros/HyperMarioBros/Content/StarterContent/Particles/Materials/M_Heat_Distortion.uasset" 79
"../../../../../../Users/s212178/Documents/GitHub/HyperMarioBros/HyperMarioBros/Content/StarterContent/Textures/T_Fire_Tiled_D.uasset" 80
"../../../../../../Users/s212178/Documents/GitHub/HyperMarioBros/HyperMarioBros/Content/StarterContent/Textures/T_Fire_SubUV.uasset" 81
"../../../../../../Users/s212178/Documents/GitHub/HyperMarioBros/HyperMarioBros/Content/StarterContent/Particles/Materials/M_Fire_SubUV.uasset" 82
"../../../../../../Users/s212178/Documents/GitHub/HyperMarioBros/HyperMarioBros/Content/StarterContent/Particles/P_Fire.uasset" 83
"../../../../../../Users/s212178/Documents/GitHub/HyperMarioBros/HyperMarioBros/Content/StarterContent/Audio/Fire01_Cue.uasset" 84
"../../../../../../Users/s212178/Documents/GitHub/HyperMarioBros/HyperMarioBros/Content/StarterContent/Blueprints/Blueprint_Effect_Fire.uasset" 85
"../../../../../../Users/s212178/Documents/GitHub/HyperMarioBros/HyperMarioBros/Content/StarterContent/Audio/Smoke01_Cue.uasset" 86
"../../../../../../Users/s212178/Documents/GitHub/HyperMarioBros/HyperMarioBros/Content/StarterContent/Particles/P_Smoke.uasset" 87
"../../../../../../Users/s212178/Documents/GitHub/HyperMarioBros/HyperMarioBros/Content/StarterContent/Blueprints/Blueprint_Effect_Smoke.uasset" 88
"../../../../../../Users/s212178/Documents/GitHub/HyperMarioBros/HyperMarioBros/Content/StarterContent/Audio/Fire_Sparks01_Cue.uasset" 89
"../../../../../../Users/s212178/Documents/GitHub/HyperMarioBros/HyperMarioBros/Content/StarterContent/Textures/T_Spark_Core.uasset" 90
"../../../../../../Users/s212178/Documents/GitHub/HyperMarioBros/HyperMarioBros/Content/StarterContent/Particles/Materials/M_Spark.uasset" 91
"../../../../../../Users/s212178/Documents/GitHub/HyperMarioBros/HyperMarioBros/Content/StarterContent/Particles/P_Sparks.uasset" 92
"../../../../../../Users/s212178/Documents/GitHub/HyperMarioBros/HyperMarioBros/Content/StarterContent/Blueprints/Blueprint_Effect_Sparks.uasset" 93
"../../../../../../Users/s212178/Documents/GitHub/HyperMarioBros/HyperMarioBros/Content/StarterContent/Audio/Steam01_Cue.uasset" 94
"../../../../../../Users/s212178/Documents/GitHub/HyperMarioBros/HyperMarioBros/Content/StarterContent/Particles/P_Steam_Lit.uasset" 95
"../../../../../../Users/s212178/Documents/GitHub/HyperMarioBros/HyperMarioBros/Content/StarterContent/Blueprints/Blueprint_Effect_Steam.uasset" 96
"../../../../../../Users/s212178/Documents/GitHub/HyperMarioBros/HyperMarioBros/Content/StarterContent/Props/SM_Lamp_Wall.uasset" 97
"../../../../../../Users/s212178/Documents/GitHub/HyperMarioBros/HyperMarioBros/Content/StarterContent/Blueprints/Blueprint_WallSconce.uasset" 98
"../../../../../../Users/s212178/Documents/GitHub/HyperMarioBros/HyperMarioBros/Content/StarterContent/MapObject/lambert3.uasset" 99
"../../../../../../Users/s212178/Documents/GitHub/HyperMarioBros/HyperMarioBros/Content/StarterContent/MapObject/dokan.uasset" 100
"../../../../../../Users/s212178/Documents/GitHub/HyperMarioBros/HyperMarioBros/Content/StarterContent/Textures/T_MacroVariation.uasset" 101
"../../../../../../Users/s212178/Documents/GitHub/HyperMarioBros/HyperMarioBros/Content/StarterContent/Textures/T_Brick_Clay_Beveled_N.uasset" 102
"../../../../../../Users/s212178/Documents/GitHub/HyperMarioBros/HyperMarioBros/Content/StarterContent/Textures/T_Brick_Clay_Beveled_M.uasset" 103
"../../../../../../Users/s212178/Documents/GitHub/HyperMarioBros/HyperMarioBros/Content/StarterContent/Textures/T_Brick_Clay_Beveled_D.uasset" 104
"../../../../../../Users/s212178/Documents/GitHub/HyperMarioBros/HyperMarioBros/Content/StarterContent/Materials/M_Brick_Clay_Beveled.uasset" 105
"../../../../../../Users/s212178/Documents/GitHub/HyperMarioBros/HyperMarioBros/Content/StarterContent/Textures/T_Detail_Rocky_N.uasset" 106
"../../../../../../Users/s212178/Documents/GitHub/HyperMarioBros/HyperMarioBros/Content/StarterContent/Textures/T_Brick_Clay_New_N.uasset" 107
"../../../../../../Users/s212178/Documents/GitHub/HyperMarioBros/HyperMarioBros/Content/StarterContent/Textures/T_Brick_Clay_New_M.uasset" 108
"../../../../../../Users/s212178/Documents/GitHub/HyperMarioBros/HyperMarioBros/Content/StarterContent/Textures/T_Brick_Clay_New_D.uasset" 109
"../../../../../../Users/s212178/Documents/GitHub/HyperMarioBros/HyperMarioBros/Content/StarterContent/Materials/M_Brick_Clay_New.uasset" 110
"../../../../../../Users/s212178/Documents/GitHub/HyperMarioBros/HyperMarioBros/Content/StarterContent/Textures/T_Perlin_Noise_M.uasset" 111
"../../../../../../Users/s212178/Documents/GitHub/HyperMarioBros/HyperMarioBros/Content/StarterContent/Textures/T_Brick_Clay_Old_N.uasset" 112
"../../../../../../Users/s212178/Documents/GitHub/HyperMarioBros/HyperMarioBros/Content/StarterContent/Textures/T_Brick_Clay_Old_D.uasset" 113
"../../../../../../Users/s212178/Documents/GitHub/HyperMarioBros/HyperMarioBros/Content/StarterContent/Materials/M_Brick_Clay_Old.uasset" 114
"../../../../../../Users/s212178/Documents/GitHub/HyperMarioBros/HyperMarioBros/Content/StarterContent/Textures/T_Brick_Cut_Stone_N.uasset" 115
"../../../../../../Users/s212178/Documents/GitHub/HyperMarioBros/HyperMarioBros/Content/StarterContent/Textures/T_Brick_Cut_Stone_D.uasset" 116
"../../../../../../Users/s212178/Documents/GitHub/HyperMarioBros/HyperMarioBros/Content/StarterContent/Materials/M_Brick_Cut_Stone.uasset" 117
"../../../../../../Users/s212178/Documents/GitHub/HyperMarioBros/HyperMarioBros/Content/StarterContent/Textures/T_Brick_Hewn_Stone_N.uasset" 118
"../../../../../../Users/s212178/Documents/GitHub/HyperMarioBros/HyperMarioBros/Content/StarterContent/Textures/T_Brick_Hewn_Stone_M.uasset" 119
"../../../../../../Users/s212178/Documents/GitHub/HyperMarioBros/HyperMarioBros/Content/StarterContent/Textures/T_Brick_Hewn_Stone_D.uasset" 120
"../../../../../../Users/s212178/Documents/GitHub/HyperMarioBros/HyperMarioBros/Content/StarterContent/Materials/M_Brick_Hewn_Stone.uasset" 121
"../../../../../../Users/s212178/Documents/GitHub/HyperMarioBros/HyperMarioBros/Content/StarterContent/Textures/T_Rock_Marble_Polished_D.uasset" 122
"../../../../../../Users/s212178/Documents/GitHub/HyperMarioBros/HyperMarioBros/Content/StarterContent/Textures/T_Ceramic_Tile_N.uasset" 123
"../../../../../../Users/s212178/Documents/GitHub/HyperMarioBros/HyperMarioBros/Content/StarterContent/Textures/T_Ceramic_Tile_M.uasset" 124
"../../../../../../Users/s212178/Documents/GitHub/HyperMarioBros/HyperMarioBros/Content/StarterContent/Materials/M_Ceramic_Tile_Checker.uasset" 125
"../../../../../../Users/s212178/Documents/GitHub/HyperMarioBros/HyperMarioBros/Content/StarterContent/Textures/T_Rock_Smooth_Granite_D.uasset" 126
"../../../../../../Users/s212178/Documents/GitHub/HyperMarioBros/HyperMarioBros/Content/StarterContent/Textures/T_Gradinet_01.uasset" 127
"../../../../../../Users/s212178/Documents/GitHub/HyperMarioBros/HyperMarioBros/Content/StarterContent/Textures/T_CobbleStone_Rough_N.uasset" 128
"../../../../../../Users/s212178/Documents/GitHub/HyperMarioBros/HyperMarioBros/Content/StarterContent/Textures/T_CobbleStone_Rough_D.uasset" 129
"../../../../../../Users/s212178/Documents/GitHub/HyperMarioBros/HyperMarioBros/Content/StarterContent/Materials/M_CobbleStone_Rough.uasset" 130
"../../../../../../Users/s212178/Documents/GitHub/HyperMarioBros/HyperMarioBros/Content/StarterContent/Textures/T_CobbleStone_Smooth_N.uasset" 131
"../../../../../../Users/s212178/Documents/GitHub/HyperMarioBros/HyperMarioBros/Content/StarterContent/Textures/T_CobbleStone_Smooth_M.uasset" 132
"../../../../../../Users/s212178/Documents/GitHub/HyperMarioBros/HyperMarioBros/Content/StarterContent/Textures/T_CobbleStone_Smooth_D.uasset" 133
"../../../../../../Users/s212178/Documents/GitHub/HyperMarioBros/HyperMarioBros/Content/StarterContent/Materials/M_CobbleStone_Smooth.uasset" 134
"../../../Engine/Content/EditorMeshes/ColorCalibrator/T_ColorGrid.uasset" 135
"../../../../../../Users/s212178/Documents/GitHub/HyperMarioBros/HyperMarioBros/Content/StarterContent/Materials/M_ColorGrid_LowSpec.uasset" 136
"../../../../../../Users/s212178/Documents/GitHub/HyperMarioBros/HyperMarioBros/Content/StarterContent/Textures/T_Metal_Rust_N.uasset" 137
"../../../../../../Users/s212178/Documents/GitHub/HyperMarioBros/HyperMarioBros/Content/StarterContent/Textures/T_Concrete_Grime_D.uasset" 138
"../../../../../../Users/s212178/Documents/GitHub/HyperMarioBros/HyperMarioBros/Content/StarterContent/Materials/M_Concrete_Grime.uasset" 139
"../../../../../../Users/s212178/Documents/GitHub/HyperMarioBros/HyperMarioBros/Content/StarterContent/Textures/T_Concrete_Panels_N.uasset" 140
"../../../../../../Users/s212178/Documents/GitHub/HyperMarioBros/HyperMarioBros/Content/StarterContent/Textures/T_Concrete_Panels_D.uasset" 141
"../../../../../../Users/s212178/Documents/GitHub/HyperMarioBros/HyperMarioBros/Content/StarterContent/Materials/M_Concrete_Panels.uasset" 142
"../../../../../../Users/s212178/Documents/GitHub/HyperMarioBros/HyperMarioBros/Content/StarterContent/Textures/T_Concrete_Poured_N.uasset" 143
"../../../../../../Users/s212178/Documents/GitHub/HyperMarioBros/HyperMarioBros/Content/StarterContent/Textures/T_Concrete_Poured_D.uasset" 144
"../../../../../../Users/s212178/Documents/GitHub/HyperMarioBros/HyperMarioBros/Content/StarterContent/Materials/M_Concrete_Poured.uasset" 145
"../../../../../../Users/s212178/Documents/GitHub/HyperMarioBros/HyperMarioBros/Content/StarterContent/Textures/T_Concrete_Tiles_Variation_M.uasset" 146
"../../../../../../Users/s212178/Documents/GitHub/HyperMarioBros/HyperMarioBros/Content/StarterContent/Textures/T_Concrete_Tiles_N.uasset" 147
"../../../../../../Users/s212178/Documents/GitHub/HyperMarioBros/HyperMarioBros/Content/StarterContent/Textures/T_Concrete_Tiles_M.uasset" 148
"../../../../../../Users/s212178/Documents/GitHub/HyperMarioBros/HyperMarioBros/Content/StarterContent/Textures/T_Concrete_Tiles_D.uasset" 149
"../../../Engine/Content/Functions/Engine_MaterialFunctions01/Opacity/CameraDepthFade.uasset" 150
"../../../../../../Users/s212178/Documents/GitHub/HyperMarioBros/HyperMarioBros/Content/StarterContent/Materials/M_Concrete_Tiles.uasset" 151
"../../../../../../Users/s212178/Documents/GitHub/HyperMarioBros/HyperMarioBros/Content/StarterContent/Textures/T_Ground_Grass_N.uasset" 152
"../../../../../../Users/s212178/Documents/GitHub/HyperMarioBros/HyperMarioBros/Content/StarterContent/Textures/T_Ground_Grass_D.uasset" 153
"../../../../../../Users/s212178/Documents/GitHub/HyperMarioBros/HyperMarioBros/Content/StarterContent/Materials/M_Ground_Grass.uasset" 154
"../../../../../../Users/s212178/Documents/GitHub/HyperMarioBros/HyperMarioBros/Content/StarterContent/Textures/T_Ground_Gravel_N.uasset" 155
"../../../../../../Users/s212178/Documents/GitHub/HyperMarioBros/HyperMarioBros/Content/StarterContent/Textures/T_Ground_Gravel_D.uasset" 156
"../../../../../../Users/s212178/Documents/GitHub/HyperMarioBros/HyperMarioBros/Content/StarterContent/Materials/M_Ground_Gravel.uasset" 157
"../../../../../../Users/s212178/Documents/GitHub/HyperMarioBros/HyperMarioBros/Content/StarterContent/Textures/T_Ground_Moss_N.uasset" 158
"../../../../../../Users/s212178/Documents/GitHub/HyperMarioBros/HyperMarioBros/Content/StarterContent/Textures/T_ground_Moss_D.uasset" 159
"../../../../../../Users/s212178/Documents/GitHub/HyperMarioBros/HyperMarioBros/Content/StarterContent/Materials/M_Ground_Moss.uasset" 160
"../../../../../../Users/s212178/Documents/GitHub/HyperMarioBros/HyperMarioBros/Content/StarterContent/Materials/M_Metal_Brushed_Nickel.uasset" 161
"../../../../../../Users/s212178/Documents/GitHub/HyperMarioBros/HyperMarioBros/Content/StarterContent/Textures/T_Metal_Gold_N.uasset" 162
"../../../../../../Users/s212178/Documents/GitHub/HyperMarioBros/HyperMarioBros/Content/StarterContent/Textures/T_Metal_Aluminum_D.uasset" 163
"../../../../../../Users/s212178/Documents/GitHub/HyperMarioBros/HyperMarioBros/Content/StarterContent/Materials/M_Metal_Burnished_Steel.uasset" 164
"../../../../../../Users/s212178/Documents/GitHub/HyperMarioBros/HyperMarioBros/Content/StarterContent/Materials/M_Metal_Chrome.uasset" 165
"../../../../../../Users/s212178/Documents/GitHub/HyperMarioBros/HyperMarioBros/Content/StarterContent/Textures/T_Metal_Copper_D.uasset" 166
"../../../../../../Users/s212178/Documents/GitHub/HyperMarioBros/HyperMarioBros/Content/StarterContent/Materials/M_Metal_Copper.uasset" 167
"../../../../../../Users/s212178/Documents/GitHub/HyperMarioBros/HyperMarioBros/Content/StarterContent/Textures/T_Metal_Gold_D.uasset" 168
"../../../../../../Users/s212178/Documents/GitHub/HyperMarioBros/HyperMarioBros/Content/StarterContent/Materials/M_Metal_Gold.uasset" 169
"../../../../../../Users/s212178/Documents/GitHub/HyperMarioBros/HyperMarioBros/Content/StarterContent/Textures/T_Metal_Rust_D.uasset" 170
"../../../Engine/Content/Functions/Engine_MaterialFunctions02/Utility/BlendAngleCorrectedNormals.uasset" 171
"../../../../../../Users/s212178/Documents/GitHub/HyperMarioBros/HyperMarioBros/Content/StarterContent/Materials/M_Metal_Rust.uasset" 172
"../../../../../../Users/s212178/Documents/GitHub/HyperMarioBros/HyperMarioBros/Content/StarterContent/Textures/T_Metal_Steel_N.uasset" 173
"../../../../../../Users/s212178/Documents/GitHub/HyperMarioBros/HyperMarioBros/Content/StarterContent/Textures/T_Metal_Steel_D.uasset" 174
"../../../../../../Users/s212178/Documents/GitHub/HyperMarioBros/HyperMarioBros/Content/StarterContent/Materials/M_Metal_Steel.uasset" 175
"../../../../../../Users/s212178/Documents/GitHub/HyperMarioBros/HyperMarioBros/Content/StarterContent/Textures/T_Rock_Basalt_N.uasset" 176
"../../../../../../Users/s212178/Documents/GitHub/HyperMarioBros/HyperMarioBros/Content/StarterContent/Textures/T_Rock_Basalt_D.uasset" 177
"../../../../../../Users/s212178/Documents/GitHub/HyperMarioBros/HyperMarioBros/Content/StarterContent/Materials/M_Rock_Basalt.uasset" 178
"../../../../../../Users/s212178/Documents/GitHub/HyperMarioBros/HyperMarioBros/Content/StarterContent/Materials/M_Rock_Marble_Polished.uasset" 179
"../../../../../../Users/s212178/Documents/GitHub/HyperMarioBros/HyperMarioBros/Content/StarterContent/Textures/T_Rock_Sandstone_N.uasset" 180
"../../../../../../Users/s212178/Documents/GitHub/HyperMarioBros/HyperMarioBros/Content/StarterContent/Textures/T_Rock_Sandstone_D.uasset" 181
"../../../../../../Users/s212178/Documents/GitHub/HyperMarioBros/HyperMarioBros/Content/StarterContent/Materials/M_Rock_Sandstone.uasset" 182
"../../../../../../Users/s212178/Documents/GitHub/HyperMarioBros/HyperMarioBros/Content/StarterContent/Textures/T_Rock_Slate_N.uasset" 183
"../../../../../../Users/s212178/Documents/GitHub/HyperMarioBros/HyperMarioBros/Content/StarterContent/Textures/T_Rock_Slate_D.uasset" 184
"../../../../../../Users/s212178/Documents/GitHub/HyperMarioBros/HyperMarioBros/Content/StarterContent/Materials/M_Rock_Slate.uasset" 185
"../../../../../../Users/s212178/Documents/GitHub/HyperMarioBros/HyperMarioBros/Content/StarterContent/Textures/T_Tech_Dot_N.uasset" 186
"../../../../../../Users/s212178/Documents/GitHub/HyperMarioBros/HyperMarioBros/Content/StarterContent/Textures/T_Tech_Dot_M.uasset" 187
"../../../../../../Users/s212178/Documents/GitHub/HyperMarioBros/HyperMarioBros/Content/StarterContent/Textures/T_Single_Tile_N.uasset" 188
"../../../../../../Users/s212178/Documents/GitHub/HyperMarioBros/HyperMarioBros/Content/StarterContent/Textures/T_Checker_Noise_M.uasset" 189
"../../../../../../Users/s212178/Documents/GitHub/HyperMarioBros/HyperMarioBros/Content/StarterContent/Materials/M_Tech_Checker_Dot.uasset" 190
"../../../../../../Users/s212178/Documents/GitHub/HyperMarioBros/HyperMarioBros/Content/StarterContent/Textures/T_Tech_Hex_Tile_N.uasset" 191
"../../../../../../Users/s212178/Documents/GitHub/HyperMarioBros/HyperMarioBros/Content/StarterContent/Textures/T_Tech_Hex_Tile_M.uasset" 192
"../../../../../../Users/s212178/Documents/GitHub/HyperMarioBros/HyperMarioBros/Content/StarterContent/Materials/M_Tech_Hex_Tile.uasset" 193
"../../../../../../Users/s212178/Documents/GitHub/HyperMarioBros/HyperMarioBros/Content/StarterContent/Materials/M_Tech_Hex_Tile_Pulse.uasset" 194
"../../../../../../Users/s212178/Documents/GitHub/HyperMarioBros/HyperMarioBros/Content/StarterContent/Textures/T_Tech_Panel_N.uasset" 195
"../../../../../../Users/s212178/Documents/GitHub/HyperMarioBros/HyperMarioBros/Content/StarterContent/Textures/T_Tech_Panel_M.uasset" 196
"../../../../../../Users/s212178/Documents/GitHub/HyperMarioBros/HyperMarioBros/Content/StarterContent/Materials/M_Tech_Panel.uasset" 197
"../../../../../../Users/s212178/Documents/GitHub/HyperMarioBros/HyperMarioBros/Content/StarterContent/Materials/M_Water_Lake.uasset" 198
"../../../../../../Users/s212178/Documents/GitHub/HyperMarioBros/HyperMarioBros/Content/StarterContent/Textures/T_Water_M.uasset" 199
"../../../../../../Users/s212178/Documents/GitHub/HyperMarioBros/HyperMarioBros/Content/StarterContent/Materials/M_Water_Ocean.uasset" 200
"../../../../../../Users/s212178/Documents/GitHub/HyperMarioBros/HyperMarioBros/Content/StarterContent/Textures/T_Wood_Floor_Walnut_N.uasset" 201
"../../../../../../Users/s212178/Documents/GitHub/HyperMarioBros/HyperMarioBros/Content/StarterContent/Textures/T_Wood_Floor_Walnut_M.uasset" 202
"../../../../../../Users/s212178/Documents/GitHub/HyperMarioBros/HyperMarioBros/Content/StarterContent/Textures/T_Wood_Floor_Walnut_D.uasset" 203
"../../../../../../Users/s212178/Documents/GitHub/HyperMarioBros/HyperMarioBros/Content/StarterContent/Materials/M_Wood_Floor_Walnut_Polished.uasset" 204
"../../../Engine/Content/Functions/Engine_MaterialFunctions01/Opacity/AlphaOffset.uasset" 205
"../../../../../../Users/s212178/Documents/GitHub/HyperMarioBros/HyperMarioBros/Content/StarterContent/Materials/M_Wood_Floor_Walnut_Worn.uasset" 206
"../../../../../../Users/s212178/Documents/GitHub/HyperMarioBros/HyperMarioBros/Content/StarterContent/Textures/T_Wood_Oak_N.uasset" 207
"../../../../../../Users/s212178/Documents/GitHub/HyperMarioBros/HyperMarioBros/Content/StarterContent/Textures/T_Wood_Oak_D.uasset" 208
"../../../../../../Users/s212178/Documents/GitHub/HyperMarioBros/HyperMarioBros/Content/StarterContent/Materials/M_Wood_Oak.uasset" 209
"../../../../../../Users/s212178/Documents/GitHub/HyperMarioBros/HyperMarioBros/Content/StarterContent/Textures/T_Wood_Pine_N.uasset" 210
"../../../../../../Users/s212178/Documents/GitHub/HyperMarioBros/HyperMarioBros/Content/StarterContent/Textures/T_Wood_Pine_D.uasset" 211
"../../../../../../Users/s212178/Documents/GitHub/HyperMarioBros/HyperMarioBros/Content/StarterContent/Materials/M_Wood_Pine.uasset" 212
"../../../../../../Users/s212178/Documents/GitHub/HyperMarioBros/HyperMarioBros/Content/StarterContent/Textures/T_Wood_Walnut_N.uasset" 213
"../../../../../../Users/s212178/Documents/GitHub/HyperMarioBros/HyperMarioBros/Content/StarterContent/Textures/T_Wood_Walnut_D.uasset" 214
"../../../../../../Users/s212178/Documents/GitHub/HyperMarioBros/HyperMarioBros/Content/StarterContent/Materials/M_Wood_Walnut.uasset" 215
"../../../../../../Users/s212178/Documents/GitHub/HyperMarioBros/HyperMarioBros/Content/StarterContent/Mycontents/Mannequin/Character/Materials/MI_Female_Body.uasset" 216
"../../../Engine/Content/Functions/MaterialLayerFunctions/MatLayerBlend_Simple.uasset" 217
"../../../Engine/Content/Functions/MaterialLayerFunctions/MatLayerBlend_NormalBlend.uasset" 218
"../../../../../../Users/s212178/Documents/GitHub/HyperMarioBros/HyperMarioBros/Content/StarterContent/Mycontents/Mannequin/Character/Materials/M_Male_Body.uasset" 219
"../../../../../../Users/s212178/Documents/GitHub/HyperMarioBros/HyperMarioBros/Content/StarterContent/Mycontents/Mannequin/Character/Materials/M_UE4Man_ChestLogo.uasset" 220
"../../../../../../Users/s212178/Documents/GitHub/HyperMarioBros/HyperMarioBros/Content/StarterContent/Mycontents/Mannequin/Character/Materials/MaterialLayers/ML_GlossyBlack_Latex_UE4.uasset" 221
"../../../../../../Users/s212178/Documents/GitHub/HyperMarioBros/HyperMarioBros/Content/StarterContent/Mycontents/Mannequin/Character/Materials/MaterialLayers/ML_Plastic_Shiny_Beige.uasset" 222
"../../../../../../Users/s212178/Documents/GitHub/HyperMarioBros/HyperMarioBros/Content/StarterContent/Mycontents/Mannequin/Character/Materials/MaterialLayers/ML_Plastic_Shiny_Beige_LOGO.uasset" 223
"../../../../../../Users/s212178/Documents/GitHub/HyperMarioBros/HyperMarioBros/Content/StarterContent/Mycontents/Mannequin/Character/Materials/MaterialLayers/ML_SoftMetal_UE4.uasset" 224
"../../../../../../Users/s212178/Documents/GitHub/HyperMarioBros/HyperMarioBros/Content/StarterContent/Mycontents/Mannequin/Character/Materials/MaterialLayers/T_ML_Aluminum01.uasset" 225
"../../../../../../Users/s212178/Documents/GitHub/HyperMarioBros/HyperMarioBros/Content/StarterContent/Mycontents/Mannequin/Character/Materials/MaterialLayers/T_ML_Aluminum01_N.uasset" 226
"../../../../../../Users/s212178/Documents/GitHub/HyperMarioBros/HyperMarioBros/Content/StarterContent/Mycontents/Mannequin/Character/Materials/MaterialLayers/T_ML_Rubber_Blue_01_D.uasset" 227
"../../../../../../Users/s212178/Documents/GitHub/HyperMarioBros/HyperMarioBros/Content/StarterContent/Mycontents/Mannequin/Character/Materials/MaterialLayers/T_ML_Rubber_Blue_01_N.uasset" 228
"../../../../../../Users/s212178/Documents/GitHub/HyperMarioBros/HyperMarioBros/Content/StarterContent/Mycontents/Mannequin/Character/Mesh/SK_Mannequin_Female.uasset" 229
"../../../../../../Users/s212178/Documents/GitHub/HyperMarioBros/HyperMarioBros/Content/StarterContent/Mycontents/Mannequin/Character/Mesh/SK_Mannequin_Female_PhysicsAsset.uasset" 230
"../../../../../../Users/s212178/Documents/GitHub/HyperMarioBros/HyperMarioBros/Content/StarterContent/Mycontents/Mannequin/Character/Mesh/SK_Mannequin_PhysicsAsset.uasset" 231
"../../../../../../Users/s212178/Documents/GitHub/HyperMarioBros/HyperMarioBros/Content/StarterContent/Mycontents/Mannequin/Character/Textures/T_Female_Mask.uasset" 232
"../../../../../../Users/s212178/Documents/GitHub/HyperMarioBros/HyperMarioBros/Content/StarterContent/Mycontents/Mannequin/Character/Textures/T_Female_N.uasset" 233
"../../../../../../Users/s212178/Documents/GitHub/HyperMarioBros/HyperMarioBros/Content/StarterContent/Mycontents/Mannequin/Character/Textures/T_Male_Mask.uasset" 234
"../../../../../../Users/s212178/Documents/GitHub/HyperMarioBros/HyperMarioBros/Content/StarterContent/Mycontents/Mannequin/Character/Textures/T_Male_N.uasset" 235
"../../../../../../Users/s212178/Documents/GitHub/HyperMarioBros/HyperMarioBros/Content/StarterContent/Mycontents/Mannequin/Character/Textures/T_UE4Logo_Mask.uasset" 236
"../../../../../../Users/s212178/Documents/GitHub/HyperMarioBros/HyperMarioBros/Content/StarterContent/Mycontents/Mannequin/Character/Textures/T_UE4Logo_N.uasset" 237
"../../../../../../Users/s212178/Documents/GitHub/HyperMarioBros/HyperMarioBros/Content/StarterContent/Textures/T_Dust_Particle_D.uasset" 238
"../../../../../../Users/s212178/Documents/GitHub/HyperMarioBros/HyperMarioBros/Content/StarterContent/Particles/Materials/M_Dust_Particle.uasset" 239
"../../../../../../Users/s212178/Documents/GitHub/HyperMarioBros/HyperMarioBros/Content/StarterContent/Particles/P_Ambient_Dust.uasset" 240
"../../../Engine/Content/EngineMaterials/T_Default_Material_Grid_N.uasset" 241
"../../../Engine/Content/EngineMaterials/T_Default_Material_Grid_M.uasset" 242
"../../../Engine/Content/EngineMaterials/WorldGridMaterial.uasset" 243
"../../../../../../Users/s212178/Documents/GitHub/HyperMarioBros/HyperMarioBros/Content/StarterContent/Props/MaterialSphere.uasset" 244
"../../../../../../Users/s212178/Documents/GitHub/HyperMarioBros/HyperMarioBros/Content/StarterContent/Textures/T_Bush_N.uasset" 245
"../../../../../../Users/s212178/Documents/GitHub/HyperMarioBros/HyperMarioBros/Content/StarterContent/Textures/T_Bush_D.uasset" 246
"../../../../../../Users/s212178/Documents/GitHub/HyperMarioBros/HyperMarioBros/Content/StarterContent/Props/Materials/M_Bush.uasset" 247
"../../../../../../Users/s212178/Documents/GitHub/HyperMarioBros/HyperMarioBros/Content/StarterContent/Props/SM_Bush.uasset" 248
"../../../../../../Users/s212178/Documents/GitHub/HyperMarioBros/HyperMarioBros/Content/StarterContent/Textures/T_Chair_N.uasset" 249
"../../../../../../Users/s212178/Documents/GitHub/HyperMarioBros/HyperMarioBros/Content/StarterContent/Textures/T_Chair_M.uasset" 250
"../../../../../../Users/s212178/Documents/GitHub/HyperMarioBros/HyperMarioBros/Content/StarterContent/Props/Materials/M_Chair.uasset" 251
"../../../../../../Users/s212178/Documents/GitHub/HyperMarioBros/HyperMarioBros/Content/StarterContent/Props/SM_Chair.uasset" 252
"../../../../../../Users/s212178/Documents/GitHub/HyperMarioBros/HyperMarioBros/Content/StarterContent/Textures/T_Frame_N.uasset" 253
"../../../../../../Users/s212178/Documents/GitHub/HyperMarioBros/HyperMarioBros/Content/StarterContent/Textures/T_Frame_M.uasset" 254
"../../../../../../Users/s212178/Documents/GitHub/HyperMarioBros/HyperMarioBros/Content/StarterContent/Props/Materials/M_Frame.uasset" 255
"../../../../../../Users/s212178/Documents/GitHub/HyperMarioBros/HyperMarioBros/Content/StarterContent/Props/SM_CornerFrame.uasset" 256
"../../../../../../Users/s212178/Documents/GitHub/HyperMarioBros/HyperMarioBros/Content/StarterContent/Props/SM_Couch.uasset" 257
"../../../../../../Users/s212178/Documents/GitHub/HyperMarioBros/HyperMarioBros/Content/StarterContent/Textures/T_Door_N.uasset" 258
"../../../../../../Users/s212178/Documents/GitHub/HyperMarioBros/HyperMarioBros/Content/StarterContent/Textures/T_Door_M.uasset" 259
"../../../../../../Users/s212178/Documents/GitHub/HyperMarioBros/HyperMarioBros/Content/StarterContent/Props/Materials/M_Door.uasset" 260
"../../../../../../Users/s212178/Documents/GitHub/HyperMarioBros/HyperMarioBros/Content/StarterContent/Materials/M_Glass.uasset" 261
"../../../../../../Users/s212178/Documents/GitHub/HyperMarioBros/HyperMarioBros/Content/StarterContent/Props/SM_Door.uasset" 262
"../../../../../../Users/s212178/Documents/GitHub/HyperMarioBros/HyperMarioBros/Content/StarterContent/Props/SM_DoorFrame.uasset" 263
"../../../../../../Users/s212178/Documents/GitHub/HyperMarioBros/HyperMarioBros/Content/StarterContent/Props/SM_GlassWindow.uasset" 264
"../../../../../../Users/s212178/Documents/GitHub/HyperMarioBros/HyperMarioBros/Content/StarterContent/Props/Materials/M_MaterialSphere_Plain.uasset" 265
"../../../../../../Users/s212178/Documents/GitHub/HyperMarioBros/HyperMarioBros/Content/StarterContent/Props/Materials/M_MaterialSphere.uasset" 266
"../../../../../../Users/s212178/Documents/GitHub/HyperMarioBros/HyperMarioBros/Content/StarterContent/Props/SM_MatPreviewMesh_02.uasset" 267
"../../../../../../Users/s212178/Documents/GitHub/HyperMarioBros/HyperMarioBros/Content/StarterContent/Props/SM_PillarFrame.uasset" 268
"../../../../../../Users/s212178/Documents/GitHub/HyperMarioBros/HyperMarioBros/Content/StarterContent/Props/SM_PillarFrame300.uasset" 269
"../../../../../../Users/s212178/Documents/GitHub/HyperMarioBros/HyperMarioBros/Content/StarterContent/Textures/T_RockMesh_N.uasset" 270
"../../../../../../Users/s212178/Documents/GitHub/HyperMarioBros/HyperMarioBros/Content/StarterContent/Textures/T_RockMesh_M.uasset" 271
"../../../../../../Users/s212178/Documents/GitHub/HyperMarioBros/HyperMarioBros/Content/StarterContent/Props/Materials/M_Rock.uasset" 272
"../../../../../../Users/s212178/Documents/GitHub/HyperMarioBros/HyperMarioBros/Content/StarterContent/Props/SM_Rock.uasset" 273
"../../../../../../Users/s212178/Documents/GitHub/HyperMarioBros/HyperMarioBros/Content/StarterContent/Textures/T_Shelf_N.uasset" 274
"../../../../../../Users/s212178/Documents/GitHub/HyperMarioBros/HyperMarioBros/Content/StarterContent/Textures/T_Shelf_M.uasset" 275
"../../../../../../Users/s212178/Documents/GitHub/HyperMarioBros/HyperMarioBros/Content/StarterContent/Props/Materials/M_Shelf.uasset" 276
"../../../../../../Users/s212178/Documents/GitHub/HyperMarioBros/HyperMarioBros/Content/StarterContent/Props/SM_Shelf.uasset" 277
"../../../../../../Users/s212178/Documents/GitHub/HyperMarioBros/HyperMarioBros/Content/StarterContent/Props/SM_Stairs.uasset" 278
"../../../../../../Users/s212178/Documents/GitHub/HyperMarioBros/HyperMarioBros/Content/StarterContent/Textures/T_Statue_N.uasset" 279
"../../../../../../Users/s212178/Documents/GitHub/HyperMarioBros/HyperMarioBros/Content/StarterContent/Textures/T_Statue_M.uasset" 280
"../../../../../../Users/s212178/Documents/GitHub/HyperMarioBros/HyperMarioBros/Content/StarterContent/Props/Materials/M_StatueGlass.uasset" 281
"../../../../../../Users/s212178/Documents/GitHub/HyperMarioBros/HyperMarioBros/Content/StarterContent/Props/Materials/M_Statue.uasset" 282
"../../../../../../Users/s212178/Documents/GitHub/HyperMarioBros/HyperMarioBros/Content/StarterContent/Props/SM_Statue.uasset" 283
"../../../../../../Users/s212178/Documents/GitHub/HyperMarioBros/HyperMarioBros/Content/StarterContent/Textures/T_TableRound_N.uasset" 284
"../../../../../../Users/s212178/Documents/GitHub/HyperMarioBros/HyperMarioBros/Content/StarterContent/Textures/T_TableRound_M.uasset" 285
"../../../../../../Users/s212178/Documents/GitHub/HyperMarioBros/HyperMarioBros/Content/StarterContent/Props/Materials/M_TableRound.uasset" 286
"../../../../../../Users/s212178/Documents/GitHub/HyperMarioBros/HyperMarioBros/Content/StarterContent/Props/SM_TableRound.uasset" 287
"../../../../../../Users/s212178/Documents/GitHub/HyperMarioBros/HyperMarioBros/Content/StarterContent/Props/SM_WindowFrame.uasset" 288
"../../../../../../Users/s212178/Documents/GitHub/HyperMarioBros/HyperMarioBros/Content/StarterContent/Shapes/Shape_Cone.uasset" 289
"../../../../../../Users/s212178/Documents/GitHub/HyperMarioBros/HyperMarioBros/Content/StarterContent/Shapes/Shape_Cube.uasset" 290
"../../../../../../Users/s212178/Documents/GitHub/HyperMarioBros/HyperMarioBros/Content/StarterContent/Shapes/Shape_Cylinder.uasset" 291
"../../../../../../Users/s212178/Documents/GitHub/HyperMarioBros/HyperMarioBros/Content/StarterContent/Shapes/Shape_NarrowCapsule.uasset" 292
"../../../../../../Users/s212178/Documents/GitHub/HyperMarioBros/HyperMarioBros/Content/StarterContent/Shapes/Shape_Pipe.uasset" 293
"../../../../../../Users/s212178/Documents/GitHub/HyperMarioBros/HyperMarioBros/Content/StarterContent/Shapes/Shape_Pipe_180.uasset" 294
"../../../../../../Users/s212178/Documents/GitHub/HyperMarioBros/HyperMarioBros/Content/StarterContent/Shapes/Shape_Pipe_90.uasset" 295
"../../../../../../Users/s212178/Documents/GitHub/HyperMarioBros/HyperMarioBros/Content/StarterContent/Shapes/Shape_Plane.uasset" 296
"../../../../../../Users/s212178/Documents/GitHub/HyperMarioBros/HyperMarioBros/Content/StarterContent/Shapes/Shape_QuadPyramid.uasset" 297
"../../../../../../Users/s212178/Documents/GitHub/HyperMarioBros/HyperMarioBros/Content/StarterContent/Shapes/Shape_Sphere.uasset" 298
"../../../../../../Users/s212178/Documents/GitHub/HyperMarioBros/HyperMarioBros/Content/StarterContent/Shapes/Shape_Torus.uasset" 299
"../../../../../../Users/s212178/Documents/GitHub/HyperMarioBros/HyperMarioBros/Content/StarterContent/Shapes/Shape_Trim.uasset" 300
"../../../../../../Users/s212178/Documents/GitHub/HyperMarioBros/HyperMarioBros/Content/StarterContent/Shapes/Shape_Trim_90_In.uasset" 301
"../../../../../../Users/s212178/Documents/GitHub/HyperMarioBros/HyperMarioBros/Content/StarterContent/Shapes/Shape_Trim_90_Out.uasset" 302
"../../../../../../Users/s212178/Documents/GitHub/HyperMarioBros/HyperMarioBros/Content/StarterContent/Shapes/Shape_TriPyramid.uasset" 303
"../../../../../../Users/s212178/Documents/GitHub/HyperMarioBros/HyperMarioBros/Content/StarterContent/Shapes/Shape_Tube.uasset" 304
"../../../../../../Users/s212178/Documents/GitHub/HyperMarioBros/HyperMarioBros/Content/StarterContent/Shapes/Shape_Wedge_A.uasset" 305
"../../../../../../Users/s212178/Documents/GitHub/HyperMarioBros/HyperMarioBros/Content/StarterContent/Shapes/Shape_Wedge_B.uasset" 306
"../../../../../../Users/s212178/Documents/GitHub/HyperMarioBros/HyperMarioBros/Content/StarterContent/Shapes/Shape_WideCapsule.uasset" 307
"../../../../../../Users/s212178/Documents/GitHub/HyperMarioBros/HyperMarioBros/Content/Blueprints/NewBlueprint.uasset" 308
"../../../../../../Users/s212178/Documents/GitHub/HyperMarioBros/HyperMarioBros/Content/StarterContent/Maps/Minimal_Default.uasset" 309
"../../../../../../Users/s212178/Documents/GitHub/HyperMarioBros/HyperMarioBros/Content/StarterContent/Maps/Minimal_Default_BuiltData.uasset" 310
"../../../../../../Users/s212178/Documents/GitHub/HyperMarioBros/HyperMarioBros/Content/StarterContent/Maps/StarterMap_BuiltData.uasset" 311
"../../../../../../Users/s212178/Documents/GitHub/HyperMarioBros/HyperMarioBros/Content/dokan.uasset" 312
"../../../../../../Users/s212178/Documents/GitHub/HyperMarioBros/HyperMarioBros/Content/StarterContent/Mycontents/BluePrint/dokan.uasset" 313
"../../../../../../Users/s212178/Documents/GitHub/HyperMarioBros/HyperMarioBros/Content/StarterContent/Widget/Clear.uasset" 314
"../../../../../../Users/s212178/Documents/GitHub/HyperMarioBros/HyperMarioBros/Content/StarterContent/Widget/522_20211215133423.uasset" 315
"../../../Engine/Content/ArtTools/RenderToTexture/Meshes/S_1_Unit_Plane.uasset" 316
"../../../Engine/Content/BasicShapes/Plane.uasset" 317
"../../../Engine/Content/EngineMaterials/DefaultMaterial.uasset" 318
"../../../Engine/Content/BasicShapes/Sphere.uasset" 319
"../../../Engine/Content/EditorLandscapeResources/DataLayer.uasset" 320
"../../../Engine/Content/EditorLandscapeResources/DefaultAlphaTexture.uasset" 321
"../../../Engine/Content/EditorMaterials/MAT_Groups_Toggle.uasset" 322
"../../../Engine/Content/EditorMaterials/MAT_Groups_Visibility.uasset" 323
"../../../Engine/Content/EditorMaterials/PreviewShadowIndicator.uasset" 324
"../../../Engine/Content/EditorMaterials/PreviewShadowIndicatorMaterial.uasset" 325
"../../../Engine/Content/EditorMaterials/MatineeGroups/MAT_ColorTrack.uasset" 326
"../../../Engine/Content/EditorMaterials/MatineeGroups/MAT_Groups_Anim.uasset" 327
"../../../Engine/Content/EditorMaterials/MatineeGroups/MAT_Groups_AudioMaster.uasset" 328
"../../../Engine/Content/EditorMaterials/MatineeGroups/MAT_Groups_Director.uasset" 329
"../../../Engine/Content/EditorMaterials/MatineeGroups/MAT_Groups_Event.uasset" 330
"../../../Engine/Content/EditorMaterials/MatineeGroups/MAT_Groups_Fade.uasset" 331
"../../../Engine/Content/EditorMaterials/MatineeGroups/MAT_Groups_Float.uasset" 332
"../../../Engine/Content/EditorMaterials/MatineeGroups/MAT_Groups_Move.uasset" 333
"../../../Engine/Content/EditorMaterials/MatineeGroups/MAT_Groups_Slomo.uasset" 334
"../../../Engine/Content/EditorMaterials/MatineeGroups/MAT_Groups_Sound.uasset" 335
"../../../Engine/Content/EditorMaterials/MatineeGroups/MAT_Groups_Vector.uasset" 336
"../../../Engine/Content/EditorMaterials/ParticleSystems/PSysThumbnail_NoImage.uasset" 337
"../../../Engine/Content/EditorMaterials/ParticleSystems/PSysThumbnail_OOD.uasset" 338
"../../../Engine/Content/EditorMaterials/Camera/CineMat.uasset" 339
"../../../Engine/Content/EditorMaterials/Camera/MI_CineMat_Rig.uasset" 340
"../../../Engine/Content/EditorMeshes/Camera/SM_CraneRig_Arm.uasset" 341
"../../../Engine/Content/EditorMeshes/Camera/SM_CraneRig_Base.uasset" 342
"../../../Engine/Content/EditorMeshes/Camera/SM_CraneRig_Body.uasset" 343
"../../../Engine/Content/EditorMeshes/Camera/SM_CraneRig_Mount.uasset" 344
"../../../Engine/Content/EditorMeshes/Camera/SM_RailRig_Mount.uasset" 345
"../../../Engine/Content/EditorMeshes/Camera/SM_RailRig_Track.uasset" 346
"../../../Engine/Content/EditorResources/BSPVertex.uasset" 347
"../../../Engine/Content/EditorResources/EmptyActor.uasset" 348
"../../../Engine/Content/EditorResources/S_Actor.uasset" 349
"../../../Engine/Content/EditorResources/S_Note.uasset" 350
"../../../Engine/Content/EditorResources/S_Solver.uasset" 351
"../../../Engine/Content/EditorResources/S_Terrain.uasset" 352
"../../../Engine/Content/EditorResources/S_Trigger.uasset" 353
"../../../Engine/Content/EditorResources/AudioIcons/S_AudioComponent_AutoActivate.uasset" 354
"../../../Engine/Content/EditorResources/LightIcons/S_LightError.uasset" 355
"../../../Engine/Content/EditorResources/SequenceRecorder/Countdown.uasset" 356
"../../../Engine/Content/EditorResources/SequenceRecorder/RecordingIndicator.uasset" 357
"../../../Engine/Content/EngineDamageTypes/DmgTypeBP_Environmental.uasset" 358
"../../../Engine/Content/EngineDebugMaterials/DebugEditorMaterial.uasset" 359
"../../../Engine/Content/EngineDebugMaterials/DebugMeshMaterial.uasset" 360
"../../../Engine/Content/EngineDebugMaterials/M_SimpleUnlitTranslucent.uasset" 361
"../../../Engine/Content/EngineDebugMaterials/VolumeToRender.uasset" 362
"../../../Engine/Content/Functions/Engine_MaterialFunctions02/Utility/CameraDirectionVector.uasset" 363
"../../../Engine/Content/EngineDebugMaterials/M_VolumeRenderSphereTracePP.uasset" 364
"../../../Engine/Content/Functions/Engine_MaterialFunctions01/Shading/ConvertFromDiffSpec.uasset" 365
"../../../Engine/Content/EngineDebugMaterials/VertexColorMaterial.uasset" 366
"../../../Engine/Content/EngineDebugMaterials/WireframeMaterial.uasset" 367
"../../../Engine/Content/EngineFonts/Faces/RobotoRegular.uasset" 368
"../../../Engine/Content/EngineFonts/Faces/RobotoLight.uasset" 369
"../../../Engine/Content/EngineFonts/Faces/RobotoItalic.uasset" 370
"../../../Engine/Content/EngineFonts/Faces/RobotoBoldItalic.uasset" 371
"../../../Engine/Content/EngineFonts/Faces/RobotoBold.uasset" 372
"../../../Engine/Content/EngineFonts/Faces/DroidSansFallback.uasset" 373
"../../../Engine/Content/EngineFonts/Roboto.uasset" 374
"../../../Engine/Content/EngineMaterials/BaseFlattenNormalMap.uasset" 375
"../../../Engine/Content/EngineMaterials/BaseFlattenGrayscaleMap.uasset" 376
"../../../Engine/Content/EngineMaterials/BaseFlattenEmissiveMap.uasset" 377
"../../../Engine/Content/EngineMaterials/BaseFlattenDiffuseMap.uasset" 378
"../../../Engine/Content/EngineMaterials/BaseFlattenMaterial.uasset" 379
"../../../Engine/Content/EngineMaterials/BlueNoise.uasset" 380
"../../../Engine/Content/EngineMaterials/DefaultBloomKernel.uasset" 381
"../../../Engine/Content/EngineMaterials/DefaultBokeh.uasset" 382
"../../../Engine/Content/EngineMaterials/DefaultDiffuse.uasset" 383
"../../../Engine/Content/EngineMaterials/DefaultDeferredDecalMaterial.uasset" 384
"../../../Engine/Content/EngineMaterials/DefaultLightFunctionMaterial.uasset" 385
"../../../Engine/Content/EngineMaterials/DefaultPhysicalMaterial.uasset" 386
"../../../Engine/Content/Functions/Engine_MaterialFunctions02/Utility/BreakOutFloat2Components.uasset" 387
"../../../Engine/Content/EngineMaterials/DefaultPostProcessMaterial.uasset" 388
"../../../Engine/Content/EngineFonts/RobotoDistanceField.uasset" 389
"../../../Engine/Content/EngineMaterials/DefaultTextMaterialOpaque.uasset" 390
"../../../Engine/Content/EngineMaterials/DefaultWhiteGrid.uasset" 391
"../../../Engine/Content/EngineMaterials/DefaultWhiteGrid_Low.uasset" 392
"../../../Engine/Content/EngineMaterials/EmissiveMeshMaterial.uasset" 393
"../../../Engine/Content/EngineMaterials/GizmoMaterial.uasset" 394
"../../../Engine/Content/EngineMaterials/Good64x64TilingNoiseHighFreq.uasset" 395
"../../../Engine/Content/EngineMaterials/MiniFont.uasset" 396
"../../../Engine/Content/EngineMaterials/InvalidLightmapSettings.uasset" 397
"../../../Engine/Content/EngineMaterials/M_InvalidLightmapSettings.uasset" 398
"../../../Engine/Content/Functions/Engine_MaterialFunctions02/WorldPositionOffset/CameraOffset.uasset" 399
"../../../Engine/Content/EngineMaterials/PhAT_JointLimitMaterial.uasset" 400
"../../../Engine/Content/EngineMaterials/PreintegratedSkinBRDF.uasset" 401
"../../../Engine/Content/EngineMaterials/RemoveSurfaceMaterial.uasset" 402
"../../../Engine/Content/EngineMaterials/WeightMapPlaceholderTexture.uasset" 403
"../../../Engine/Content/EngineResources/WhiteSquareTexture.uasset" 404
"../../../Engine/Content/EngineMaterials/Widget3DPassThrough.uasset" 405
"../../../Engine/Content/EngineMaterials/Widget3DPassThrough_Masked.uasset" 406
"../../../Engine/Content/EngineMaterials/Widget3DPassThrough_Opaque.uasset" 407
"../../../Engine/Content/EngineMaterials/Widget3DPassThrough_Masked_OneSided.uasset" 408
"../../../Engine/Content/EngineMaterials/Widget3DPassThrough_Opaque_OneSided.uasset" 409
"../../../Engine/Content/EngineMaterials/Widget3DPassThrough_Translucent.uasset" 410
"../../../Engine/Content/EngineMaterials/Widget3DPassThrough_Translucent_OneSided.uasset" 411
"../../../Engine/Content/EngineMeshes/Cylinder.uasset" 412
"../../../Engine/Content/EngineMeshes/Sphere.uasset" 413
"../../../Engine/Content/EngineResources/Black.uasset" 414
"../../../Engine/Content/EngineResources/DefaultTextureCube.uasset" 415
"../../../Engine/Content/EngineResources/DefaultVolumeTexture2D.uasset" 416
"../../../Engine/Content/EngineResources/DefaultVolumeTexture.uasset" 417
"../../../Engine/Content/EngineResources/GradientTexture0.uasset" 418
"../../../Engine/Content/EngineSky/VolumetricClouds/T_NoiseShape64.uasset" 419
"../../../Engine/Content/EngineSky/VolumetricClouds/T_VolumeNoiseShape64.uasset" 420
"../../../Engine/Content/EngineSky/VolumetricClouds/T_NoiseErosion.uasset" 421
"../../../Engine/Content/EngineSky/VolumetricClouds/T_VolumeNoiseErosion32.uasset" 422
"../../../Engine/Content/EngineSky/VolumetricClouds/CloudWeatherTexture.uasset" 423
"../../../Engine/Content/EngineSky/VolumetricClouds/CloudGradientTexture.uasset" 424
"../../../Engine/Content/Functions/Engine_MaterialFunctions02/Utility/MakeFloat2.uasset" 425
"../../../Engine/Content/EngineSky/VolumetricClouds/m_SimpleVolumetricCloud.uasset" 426
"../../../Engine/Content/EngineSky/VolumetricClouds/m_SimpleVolumetricCloud_Inst.uasset" 427
"../../../Engine/Content/EngineSounds/Master.uasset" 428
"../../../Engine/Content/Functions/Engine_MaterialFunctions01/Shading/PowerToRoughness.uasset" 429
"../../../Engine/Content/Maps/Templates/Thumbnails/Default.uasset" 430
"../../../Engine/Content/Maps/Templates/Thumbnails/TimeOfDay.uasset" 431
"../../../Engine/Content/Maps/Templates/Thumbnails/VR-Basic.uasset" 432
"../../../Engine/Content/MobileResources/T_MobileControls_texture.uasset" 433
"../../../Engine/Content/MobileResources/T_MobileMenu2.uasset" 434
"../../../Engine/Content/MobileResources/HUD/AnalogHat.uasset" 435
"../../../Engine/Content/MobileResources/HUD/VirtualJoystick_Thumb.uasset" 436
"../../../Engine/Content/MobileResources/HUD/VirtualJoystick_Background.uasset" 437
"../../../Engine/Content/MobileResources/HUD/DefaultVirtualJoysticks.uasset" 438
"../../../Engine/Content/MobileResources/HUD/LeftVirtualJoystickOnly.uasset" 439
"../../../Engine/Content/MobileResources/HUD/MobileHUDButton1_off.uasset" 440
"../../../Engine/Content/MobileResources/HUD/MobileHUDButton1_on.uasset" 441
"../../../Engine/Content/MobileResources/HUD/MobileHUDButton2_off.uasset" 442
"../../../Engine/Content/MobileResources/HUD/MobileHUDButton2_on.uasset" 443
"../../../Engine/Content/MobileResources/HUD/MobileHUDButton3.uasset" 444
"../../../Engine/Content/MobileResources/HUD/MobileHUDButtonFire.uasset" 445
"../../../Engine/Content/MobileResources/HUD/MobileHUDDirectionPad.uasset" 446
"../../../Engine/Content/MobileResources/HUD/MobileHUDDirectionPad2.uasset" 447
"../../../Engine/Content/MobileResources/HUD/MobileHUDDirectionPad3.uasset" 448
"../../../Engine/Content/MobileResources/HUD/MobileHUDDirectionStick.uasset" 449
"../../../Engine/Content/MobileResources/HUD/T_Castle_ThumbstickInner.uasset" 450
"../../../Engine/Content/MobileResources/HUD/T_Castle_ThumbstickOutter.uasset" 451
"../../../Engine/Content/Tutorial/ContentIntroCurve.uasset" 452
"../../../Engine/Content/Tutorial/Basics/LevelEditorAttract.uasset" 453
"../../../Engine/Content/VREditor/TransformGizmo/TranslucentTransformGizmoMaterial.uasset" 454
"../../../Engine/Content/VREditor/LaserPointer/VR_LaserPower_01.uasset" 455
"../../../Engine/Content/VREditor/TransformGizmo/TransformGizmoMaterial.uasset" 456
"../../../Engine/Content/VREditor/TransformGizmo/BoundingBoxCorner.uasset" 457
"../../../Engine/Content/VREditor/TransformGizmo/BoundingBoxEdge.uasset" 458
"../../../Engine/Content/VREditor/TransformGizmo/PlaneTranslationHandle.uasset" 459
"../../../Engine/Content/VREditor/TransformGizmo/Xray.uasset" 460
"../../../Engine/Content/VREditor/TransformGizmo/Main.uasset" 461
"../../../Engine/Content/VREditor/TransformGizmo/SM_Sequencer_Key.uasset" 462
"../../../Engine/Content/VREditor/TransformGizmo/SM_Sequencer_Node.uasset" 463
"../../Plugins/2D/Paper2D/Content/PlaceholderTextures/DummySpriteTexture.uasset" 464
"../../Plugins/2D/Paper2D/Content/DummySprite.uasset" 465
"../../Plugins/2D/Paper2D/Content/DefaultPaperTerrainMaterial.uasset" 466
"../../Plugins/2D/Paper2D/Content/DefaultSpriteMaterial.uasset" 467
"../../Plugins/2D/Paper2D/Content/MaskedUnlitSpriteMaterial.uasset" 468
"../../Plugins/2D/Paper2D/Content/OpaqueUnlitSpriteMaterial.uasset" 469
"../../../Engine/Content/Functions/Engine_MaterialFunctions02/Utility/BreakOutFloat3Components.uasset" 470
"../../Plugins/Editor/SpeedTreeImporter/Content/SpeedTree9/UnpackInteger3.uasset" 471
"../../Plugins/Editor/SpeedTreeImporter/Content/SpeedTree9/UnpackDirection.uasset" 472
"../../Plugins/Editor/SpeedTreeImporter/Content/SpeedTree9/game_wind_noise.uasset" 473
"../../../Engine/Content/Functions/Engine_MaterialFunctions02/SafeNormalize.uasset" 474
"../../Plugins/Editor/SpeedTreeImporter/Content/SpeedTree9/SpeedTreeWindMotion.uasset" 475
"../../Plugins/Editor/SpeedTreeImporter/Content/SpeedTree9/SpeedTreeBranchMotion.uasset" 476
"../../../Engine/Content/Functions/Engine_MaterialFunctions02/ObjectLocalBounds.uasset" 477
"../../../Engine/Content/Functions/Engine_MaterialFunctions02/UVs/BoundingBoxBased_0-1_UVW.uasset" 478
"../../Plugins/Editor/SpeedTreeImporter/Content/SpeedTree9/SpeedTreeWind.uasset" 479
"../../Plugins/Editor/SpeedTreeImporter/Content/SpeedTree9/SpeedTreeBillboard.uasset" 480
"../../../Engine/Content/EngineResources/DefaultTexture.uasset" 481
"../../Plugins/Editor/SpeedTreeImporter/Content/SpeedTree9/SpeedTreeBillboardMaster.uasset" 482
"../../Plugins/Editor/SpeedTreeImporter/Content/SpeedTree9/SpeedTreeCameraFacing.uasset" 483
"../../Plugins/Editor/SpeedTreeImporter/Content/SpeedTree9/SpeedTreeMaster.uasset" 484
"../../../Engine/Content/BasicShapes/Cylinder.uasset" 485
"../../../Engine/Content/ArtTools/RenderToTexture/Materials/Debug/M_Emissive_Color.uasset" 486
"../../Plugins/Lumin/MagicLeapPassableWorld/Content/MagicLeapARPinInfoActor.uasset" 487
"../../../Engine/Content/Functions/Engine_MaterialFunctions02/Utility/BreakOutFloat4Components.uasset" 488
"../../../Engine/Content/Functions/Engine_MaterialFunctions02/Utility/MakeFloat3.uasset" 489
"../../Plugins/Runtime/Oculus/OculusVR/Content/Materials/OculusMR_ChromaKey.uasset" 490
"../../Plugins/Runtime/Oculus/OculusVR/Content/Materials/OculusMR_OpaqueColoredMaterial.uasset" 491
"../../Plugins/Runtime/Oculus/OculusVR/Content/Materials/PokeAHoleMaterial.uasset" 492
"../../../Engine/Content/EditorMeshes/ColorCalibrator/M_GreyBall.uasset" 493
"../../../Engine/Content/EditorMeshes/ColorCalibrator/Color_checker.uasset" 494
"../../../Engine/Content/EditorMeshes/ColorCalibrator/M_ColorGrid.uasset" 495
"../../../Engine/Content/EditorMeshes/ColorCalibrator/M_ClearCoatBlack.uasset" 496
"../../../Engine/Content/EditorMeshes/ColorCalibrator/M_ClearCoat.uasset" 497
"../../../Engine/Content/EditorMeshes/ColorCalibrator/M_ChromeBall.uasset" 498
"../../../Engine/Content/EditorMeshes/ColorCalibrator/SM_ColorCalibrator.uasset" 499
"../../../../../../Users/s212178/Documents/GitHub/HyperMarioBros/HyperMarioBros/Content/StarterContent/Maps/Advanced_Lighting_BuiltData.uasset" 500
"../../../../../../Users/s212178/Documents/GitHub/HyperMarioBros/HyperMarioBros/Content/StarterContent/HDRI/HDRI_Epic_Courtyard_Daylight.uasset" 501
"../../../Engine/Content/MapTemplates/Sky/DaylightAmbientCubemap.uasset" 502
"../../../../../../Users/s212178/Documents/GitHub/HyperMarioBros/HyperMarioBros/Content/StarterContent/Blueprints/Assets/M_LightStage_Skybox_Master.uasset" 503
"../../../../../../Users/s212178/Documents/GitHub/HyperMarioBros/HyperMarioBros/Content/StarterContent/Blueprints/Assets/M_LightStage_Skybox_HDRI.uasset" 504
"../../../../../../Users/s212178/Documents/GitHub/HyperMarioBros/HyperMarioBros/Content/StarterContent/Blueprints/Assets/M_LightStage_Arrows.uasset" 505
"../../../../../../Users/s212178/Documents/GitHub/HyperMarioBros/HyperMarioBros/Content/StarterContent/Blueprints/Assets/SM_Arrows.uasset" 506
"../../../Engine/Content/EditorMaterials/Thumbnails/SkySphereMaterial.uasset" 507
"../../../../../../Users/s212178/Documents/GitHub/HyperMarioBros/HyperMarioBros/Content/StarterContent/Blueprints/Assets/Skybox.uasset" 508
"../../../../../../Users/s212178/Documents/GitHub/HyperMarioBros/HyperMarioBros/Content/StarterContent/Blueprints/Assets/M_LightStage_Skybox_Black.uasset" 509
"../../../../../../Users/s212178/Documents/GitHub/HyperMarioBros/HyperMarioBros/Content/StarterContent/Blueprints/Assets/SunlightColorLUT.uasset" 510
"../../../../../../Users/s212178/Documents/GitHub/HyperMarioBros/HyperMarioBros/Content/StarterContent/Blueprints/Assets/FogBrightnessLUT.uasset" 511
"../../../../../../Users/s212178/Documents/GitHub/HyperMarioBros/HyperMarioBros/Content/StarterContent/Blueprints/BP_LightStudio.uasset" 512
"../../../../../../Users/s212178/Documents/GitHub/HyperMarioBros/HyperMarioBros/Content/StarterContent/Materials/M_AssetPlatform.uasset" 513
"../../../../../../Users/s212178/Documents/GitHub/HyperMarioBros/HyperMarioBros/Content/StarterContent/Architecture/SM_AssetPlatform.uasset" 514
"../../../../../../Users/s212178/Documents/GitHub/HyperMarioBros/HyperMarioBros/Content/StarterContent/Maps/Advanced_Lighting.umap" 515
"../../../../../../Users/s212178/Documents/GitHub/HyperMarioBros/HyperMarioBros/Content/StarterContent/Audio/Starter_Background_Cue.uasset" 516
"../../../../../../Users/s212178/Documents/GitHub/HyperMarioBros/HyperMarioBros/Content/StarterContent/Mycontents/Mannequin/Character/Mesh/UE4_Mannequin_Skeleton.uasset" 517
"../../../../../../Users/s212178/Documents/GitHub/HyperMarioBros/HyperMarioBros/Content/StarterContent/Mycontents/Mannequin/Character/Mesh/SK_Mannequin.uasset" 518
"../../../../../../Users/s212178/Documents/GitHub/HyperMarioBros/HyperMarioBros/Content/StarterContent/Mycontents/BluePrint/BP_Character.uasset" 519
"../../../../../../Users/s212178/Documents/GitHub/HyperMarioBros/HyperMarioBros/Content/StarterContent/Mycontents/BluePrint/BP_MyGameMode.uasset" 520
"../../../../../../Users/s212178/Documents/GitHub/HyperMarioBros/HyperMarioBros/Content/StarterContent/Widget/W_Play.uasset" 521
"../../../../../../Users/s212178/Documents/GitHub/HyperMarioBros/HyperMarioBros/Content/StarterContent/Shapes/siro4.uasset" 522
"../../../../../../Users/s212178/Documents/GitHub/HyperMarioBros/HyperMarioBros/Content/StarterContent/Shapes/siro3.uasset" 523
"../../../../../../Users/s212178/Documents/GitHub/HyperMarioBros/HyperMarioBros/Content/StarterContent/Shapes/siro2.uasset" 524
"../../../../../../Users/s212178/Documents/GitHub/HyperMarioBros/HyperMarioBros/Content/StarterContent/Shapes/siro1.uasset" 525
"../../../../../../Users/s212178/Documents/GitHub/HyperMarioBros/HyperMarioBros/Content/StarterContent/Shapes/siro.uasset" 526
"../../../Engine/Content/EngineSky/T_Sky_Stars.uasset" 527
"../../../Engine/Content/EngineSky/T_Sky_Clouds_M.uasset" 528
"../../../Engine/Content/EngineSky/T_Sky_Blue.uasset" 529
"../../../Engine/Content/BasicShapes/Cube.uasset" 530
"../../../Engine/Content/BasicShapes/Cone.uasset" 531
"../../../../../../Users/s212178/Documents/GitHub/HyperMarioBros/HyperMarioBros/Content/StarterContent/Textures/0bced25a75bdc7c5.uasset" 532
"../../../../../../Users/s212178/Documents/GitHub/HyperMarioBros/HyperMarioBros/Content/StarterContent/Textures/0bced25a75bdc7c5_Mat.uasset" 533
"../../../Engine/Content/EngineSky/M_Sky_Panning_Clouds2.uasset" 534
"../../../Engine/Content/BasicShapes/BasicShapeMaterial.uasset" 535
"../../../../../../Users/s212178/Documents/GitHub/HyperMarioBros/HyperMarioBros/Content/StarterContent/Shapes/goru4.uasset" 536
"../../../../../../Users/s212178/Documents/GitHub/HyperMarioBros/HyperMarioBros/Content/StarterContent/Shapes/goru3.uasset" 537
"../../../../../../Users/s212178/Documents/GitHub/HyperMarioBros/HyperMarioBros/Content/StarterContent/Shapes/goru2.uasset" 538
"../../../../../../Users/s212178/Documents/GitHub/HyperMarioBros/HyperMarioBros/Content/StarterContent/Shapes/goru1.uasset" 539
"../../../../../../Users/s212178/Documents/GitHub/HyperMarioBros/HyperMarioBros/Content/StarterContent/Shapes/go-ru.uasset" 540
"../../../../../../Users/s212178/Documents/GitHub/HyperMarioBros/HyperMarioBros/Content/kuribow_1obj.uasset" 541
"../../../../../../Users/s212178/Documents/GitHub/HyperMarioBros/HyperMarioBros/Content/KuribowUV.uasset" 542
"../../../../../../Users/s212178/Documents/GitHub/HyperMarioBros/HyperMarioBros/Content/KuribowUV_Mat.uasset" 543
"../../../../../../Users/s212178/Documents/GitHub/HyperMarioBros/HyperMarioBros/Content/StarterContent/Mycontents/BluePrint/BP_kuribow.uasset" 544
"../../../Engine/Content/EngineSky/SM_SkySphere.uasset" 545
"../../../Engine/Content/EngineSky/C_Sky_Zenith_Color.uasset" 546
"../../../Engine/Content/EngineSky/C_Sky_Horizon_Color.uasset" 547
"../../../Engine/Content/EngineSky/C_Sky_Cloud_Color.uasset" 548
"../../../Engine/Content/EditorBlueprintResources/StandardMacros.uasset" 549
"../../../Engine/Content/EngineSky/BP_Sky_Sphere.uasset" 550
"../../../../../../Users/s212178/Documents/GitHub/HyperMarioBros/HyperMarioBros/Content/StarterContent/Blueprints/sibou.uasset" 551
"../../../../../../Users/s212178/Documents/GitHub/HyperMarioBros/HyperMarioBros/Content/block.uasset" 552
"../../../../../../Users/s212178/Documents/GitHub/HyperMarioBros/HyperMarioBros/Content/block_Mat.uasset" 553
"../../../../../../Users/s212178/Documents/GitHub/HyperMarioBros/HyperMarioBros/Content/StarterContent/Textures/T_CobbleStone_Pebble_N.uasset" 554
"../../../../../../Users/s212178/Documents/GitHub/HyperMarioBros/HyperMarioBros/Content/StarterContent/Textures/T_CobbleStone_Pebble_M.uasset" 555
"../../../../../../Users/s212178/Documents/GitHub/HyperMarioBros/HyperMarioBros/Content/StarterContent/Textures/T_CobbleStone_Pebble_D.uasset" 556
"../../../../../../Users/s212178/Documents/GitHub/HyperMarioBros/HyperMarioBros/Content/StarterContent/Materials/M_CobbleStone_Pebble.uasset" 557
"../../../../../../Users/s212178/Documents/GitHub/HyperMarioBros/HyperMarioBros/Content/hatena_block.uasset" 558
"../../../../../../Users/s212178/Documents/GitHub/HyperMarioBros/HyperMarioBros/Content/HatenaBlockUV.uasset" 559
"../../../../../../Users/s212178/Documents/GitHub/HyperMarioBros/HyperMarioBros/Content/HatenaBlockUV_Mat.uasset" 560
"../../../../../../Users/s212178/Documents/GitHub/HyperMarioBros/HyperMarioBros/Content/StarterContent/Maps/PlayMap.umap" 561
"../../../../../../Users/s212178/Documents/GitHub/HyperMarioBros/HyperMarioBros/Content/StarterContent/Widget/Result-Clear.uasset" 562
"../../../../../../Users/s212178/Documents/GitHub/HyperMarioBros/HyperMarioBros/Content/StarterContent/Maps/ResultMap-Clear.umap" 563
"../../../../../../Users/s212178/Documents/GitHub/HyperMarioBros/HyperMarioBros/Content/StarterContent/Widget/Gameover.uasset" 564
"../../../../../../Users/s212178/Documents/GitHub/HyperMarioBros/HyperMarioBros/Content/StarterContent/Widget/Result-GameOver.uasset" 565
"../../../../../../Users/s212178/Documents/GitHub/HyperMarioBros/HyperMarioBros/Content/StarterContent/Maps/ResultMap-GameOver.umap" 566
"../../../../../../Users/s212178/Documents/GitHub/HyperMarioBros/HyperMarioBros/Content/StarterContent/Widget/TitlePic.uasset" 567
"../../../../../../Users/s212178/Documents/GitHub/HyperMarioBros/HyperMarioBros/Content/StarterContent/Widget/Title.uasset" 568
"../../../../../../Users/s212178/Documents/GitHub/HyperMarioBros/HyperMarioBros/Content/StarterContent/Maps/TitleMap.umap" 569
"../../../Engine/Content/Maps/Entry_BuiltData.uasset" 570
"../../../Engine/Content/Maps/Entry.umap" 571
